Using pre-set license
Built from '2020.3/staging' branch; Version is '2020.3.4f1 (0abb6314276a) revision 703331'; Using compiler version '192528614'; Build Type 'Release'
OS: 'Windows 10 Education; OS build 18363.1679; Version 1909; 64bit' Language: 'en' Physical Memory: 16333 MB
BatchMode: 1, IsHumanControllingUs: 0, StartBugReporterOnCrash: 0, Is64bit: 1, IsPro: 0

 COMMAND LINE ARGUMENTS:
C:\Program Files\Unity\Hub\Editor\2020.3.4f1\Editor\Unity.exe
-adb2
-batchMode
-noUpm
-name
AssetImportWorker0
-projectPath
E:/Documents/GameDev/Projects/Downhill Racing
-logFile
Logs/AssetImportWorker0.log
-srvPort
58767
Successfully changed project path to: E:/Documents/GameDev/Projects/Downhill Racing
E:/Documents/GameDev/Projects/Downhill Racing
Using Asset Import Pipeline V2.
Refreshing native plugins compatible for Editor in 40.01 ms, found 0 plugins.
Preloading 0 native plugins for Editor in 0.00 ms.
Initialize engine version: 2020.3.4f1 (0abb6314276a)
[Subsystems] Discovering subsystems at path C:/Program Files/Unity/Hub/Editor/2020.3.4f1/Editor/Data/Resources/UnitySubsystems
[Subsystems] Discovering subsystems at path E:/Documents/GameDev/Projects/Downhill Racing/Assets
GfxDevice: creating device client; threaded=0
Direct3D:
    Version:  Direct3D 11.0 [level 11.1]
    Renderer: NVIDIA GeForce RTX 2060 SUPER (ID=0x1f06)
    Vendor:   
    VRAM:     8031 MB
    Driver:   27.21.14.5671
Initialize mono
Mono path[0] = 'C:/Program Files/Unity/Hub/Editor/2020.3.4f1/Editor/Data/Managed'
Mono path[1] = 'C:/Program Files/Unity/Hub/Editor/2020.3.4f1/Editor/Data/MonoBleedingEdge/lib/mono/unityjit'
Mono config path = 'C:/Program Files/Unity/Hub/Editor/2020.3.4f1/Editor/Data/MonoBleedingEdge/etc'
Using monoOptions --debugger-agent=transport=dt_socket,embedding=1,server=y,suspend=n,address=127.0.0.1:56508
Begin MonoManager ReloadAssembly
Registering precompiled unity dll's ...
Register platform support module: C:/Program Files/Unity/Hub/Editor/2020.3.4f1/Editor/Data/PlaybackEngines/WebGLSupport/UnityEditor.WebGL.Extensions.dll
Register platform support module: C:/Program Files/Unity/Hub/Editor/2020.3.4f1/Editor/Data/PlaybackEngines/MacStandaloneSupport/UnityEditor.OSXStandalone.Extensions.dll
Register platform support module: C:/Program Files/Unity/Hub/Editor/2020.3.4f1/Editor/Data/PlaybackEngines/WindowsStandaloneSupport/UnityEditor.WindowsStandalone.Extensions.dll
Register platform support module: C:/Program Files/Unity/Hub/Editor/2020.3.4f1/Editor/Data/PlaybackEngines/LinuxStandaloneSupport/UnityEditor.LinuxStandalone.Extensions.dll
Registered in 0.002785 seconds.
Native extension for LinuxStandalone target not found
Native extension for WindowsStandalone target not found
Native extension for OSXStandalone target not found
Native extension for WebGL target not found
Refreshing native plugins compatible for Editor in 41.61 ms, found 0 plugins.
Preloading 0 native plugins for Editor in 0.00 ms.
Mono: successfully reloaded assembly
- Completed reload, in  1.061 seconds
Platform modules already initialized, skipping
Registering precompiled user dll's ...
Registered in 0.000782 seconds.
Begin MonoManager ReloadAssembly
Native extension for LinuxStandalone target not found
Native extension for WindowsStandalone target not found
Native extension for OSXStandalone target not found
Native extension for WebGL target not found
Refreshing native plugins compatible for Editor in 42.97 ms, found 0 plugins.
Preloading 0 native plugins for Editor in 0.00 ms.
Mono: successfully reloaded assembly
- Completed reload, in  0.903 seconds
Platform modules already initialized, skipping
========================================================================
Worker process is ready to serve import requests
Shader 'Universal Render Pipeline/Particles/Lit': fallback shader 'Universal Render Pipeline/Particles/SimpleLit' not found
Shader 'Universal Render Pipeline/Particles/Lit': fallback shader 'Universal Render Pipeline/Particles/SimpleLit' not found
Launched and connected shader compiler UnityShaderCompiler.exe after 0.06 seconds
Refreshing native plugins compatible for Editor in 0.48 ms, found 0 plugins.
Preloading 0 native plugins for Editor in 0.00 ms.
Unloading 2568 Unused Serialized files (Serialized files now loaded: 0)
System memory in use before: 118.8 MB.
System memory in use after: 116.0 MB.

Unloading 47 unused Assets to reduce memory usage. Loaded Objects now: 2975.
Total: 3.666800 ms (FindLiveObjects: 0.481800 ms CreateObjectMapping: 0.068200 ms MarkObjects: 1.798500 ms  DeleteObjects: 1.316900 ms)

========================================================================
Received Import Request.
  path: Assets/Prototype/BezierCurve
  artifactKey: Guid(d5318188423e5c64b906e2d8534a8357) Importer(815301076,1909f56bfc062723c751e8b465ee728b)
Start importing Assets/Prototype/BezierCurve using Guid(d5318188423e5c64b906e2d8534a8357) Importer(815301076,1909f56bfc062723c751e8b465ee728b)  -> (artifact id: 'de7c4a88d1e53ceeef193b1ee6392f83') in 0.010708 seconds
  Import took 0.042826 seconds .

========================================================================
Received Import Request.
  Time since last request: 953.748561 seconds.
  path: Assets/Prototype/BezierCurve/BezierCurve.cs
  artifactKey: Guid(8249bcd898a51d546a0f7517528a10a6) Importer(815301076,1909f56bfc062723c751e8b465ee728b)
Start importing Assets/Prototype/BezierCurve/BezierCurve.cs using Guid(8249bcd898a51d546a0f7517528a10a6) Importer(815301076,1909f56bfc062723c751e8b465ee728b)  -> (artifact id: '2c8b770e14b76dd7364635ff123ed682') in 0.024259 seconds
  Import took 0.030071 seconds .

========================================================================
Received Prepare
Registering precompiled user dll's ...
Registered in 0.000927 seconds.
Begin MonoManager ReloadAssembly
Native extension for LinuxStandalone target not found
Native extension for WindowsStandalone target not found
Native extension for OSXStandalone target not found
Native extension for WebGL target not found
Refreshing native plugins compatible for Editor in 0.50 ms, found 0 plugins.
Preloading 0 native plugins for Editor in 0.00 ms.
Mono: successfully reloaded assembly
- Completed reload, in  0.829 seconds
Platform modules already initialized, skipping
Shader 'Universal Render Pipeline/Particles/Lit': fallback shader 'Universal Render Pipeline/Particles/SimpleLit' not found
Shader 'Universal Render Pipeline/Particles/Lit': fallback shader 'Universal Render Pipeline/Particles/SimpleLit' not found
Refreshing native plugins compatible for Editor in 0.52 ms, found 0 plugins.
Preloading 0 native plugins for Editor in 0.00 ms.
Unloading 2494 Unused Serialized files (Serialized files now loaded: 0)
System memory in use before: 115.3 MB.
System memory in use after: 112.6 MB.

Unloading 42 unused Assets to reduce memory usage. Loaded Objects now: 2979.
Total: 3.539200 ms (FindLiveObjects: 0.351000 ms CreateObjectMapping: 0.067300 ms MarkObjects: 1.763600 ms  DeleteObjects: 1.356300 ms)

========================================================================
Received Prepare
Registering precompiled user dll's ...
Registered in 0.000912 seconds.
Begin MonoManager ReloadAssembly
Native extension for LinuxStandalone target not found
Native extension for WindowsStandalone target not found
Native extension for OSXStandalone target not found
Native extension for WebGL target not found
Refreshing native plugins compatible for Editor in 0.51 ms, found 0 plugins.
Preloading 0 native plugins for Editor in 0.00 ms.
Mono: successfully reloaded assembly
- Completed reload, in  0.752 seconds
Platform modules already initialized, skipping
Shader 'Universal Render Pipeline/Particles/Lit': fallback shader 'Universal Render Pipeline/Particles/SimpleLit' not found
Shader 'Universal Render Pipeline/Particles/Lit': fallback shader 'Universal Render Pipeline/Particles/SimpleLit' not found
Refreshing native plugins compatible for Editor in 0.49 ms, found 0 plugins.
Preloading 0 native plugins for Editor in 0.00 ms.
Unloading 2494 Unused Serialized files (Serialized files now loaded: 0)
System memory in use before: 115.4 MB.
System memory in use after: 112.6 MB.

Unloading 42 unused Assets to reduce memory usage. Loaded Objects now: 2982.
Total: 3.963100 ms (FindLiveObjects: 0.275800 ms CreateObjectMapping: 0.063300 ms MarkObjects: 2.173900 ms  DeleteObjects: 1.448800 ms)

========================================================================
Received Import Request.
  Time since last request: 749.960088 seconds.
  path: Assets/Prototype/BezierCurve/BezierCurve.cs
  artifactKey: Guid(8249bcd898a51d546a0f7517528a10a6) Importer(815301076,1909f56bfc062723c751e8b465ee728b)
Start importing Assets/Prototype/BezierCurve/BezierCurve.cs using Guid(8249bcd898a51d546a0f7517528a10a6) Importer(815301076,1909f56bfc062723c751e8b465ee728b)  -> (artifact id: '7a6b987dd3d7aaf90a37bcded1604f83') in 0.004917 seconds
  Import took 0.027628 seconds .

========================================================================
Received Import Request.
  Time since last request: 2.991477 seconds.
  path: Assets/Prototype/Prototype.unity
  artifactKey: Guid(844f06fe496d8e241af906e4048abe8c) Importer(815301076,1909f56bfc062723c751e8b465ee728b)
Start importing Assets/Prototype/Prototype.unity using Guid(844f06fe496d8e241af906e4048abe8c) Importer(815301076,1909f56bfc062723c751e8b465ee728b)  -> (artifact id: '311aa2c8250c7f851095ae49b712e98a') in 0.013139 seconds
  Import took 0.032232 seconds .

========================================================================
Received Import Request.
  Time since last request: 19.062404 seconds.
  path: Assets/Prototype/BezierCurve/CurveDrawing.unity
  artifactKey: Guid(d865f2f9685112e40a9d07529ef688af) Importer(815301076,1909f56bfc062723c751e8b465ee728b)
Start importing Assets/Prototype/BezierCurve/CurveDrawing.unity using Guid(d865f2f9685112e40a9d07529ef688af) Importer(815301076,1909f56bfc062723c751e8b465ee728b)  -> (artifact id: 'c1c4315e2e3ac92de4a9a3961a06289c') in 0.007174 seconds
  Import took 0.014444 seconds .

========================================================================
Received Prepare
Registering precompiled user dll's ...
Registered in 0.001247 seconds.
Begin MonoManager ReloadAssembly
Native extension for LinuxStandalone target not found
Native extension for WindowsStandalone target not found
Native extension for OSXStandalone target not found
Native extension for WebGL target not found
Refreshing native plugins compatible for Editor in 0.48 ms, found 0 plugins.
Preloading 0 native plugins for Editor in 0.00 ms.
Mono: successfully reloaded assembly
- Completed reload, in  0.763 seconds
Platform modules already initialized, skipping
Shader 'Universal Render Pipeline/Particles/Lit': fallback shader 'Universal Render Pipeline/Particles/SimpleLit' not found
Shader 'Universal Render Pipeline/Particles/Lit': fallback shader 'Universal Render Pipeline/Particles/SimpleLit' not found
Refreshing native plugins compatible for Editor in 0.53 ms, found 0 plugins.
Preloading 0 native plugins for Editor in 0.00 ms.
Unloading 2494 Unused Serialized files (Serialized files now loaded: 0)
System memory in use before: 115.4 MB.
System memory in use after: 112.7 MB.

Unloading 42 unused Assets to reduce memory usage. Loaded Objects now: 2985.
Total: 3.454300 ms (FindLiveObjects: 0.291900 ms CreateObjectMapping: 0.067100 ms MarkObjects: 1.657700 ms  DeleteObjects: 1.436800 ms)

========================================================================
Received Prepare
Registering precompiled user dll's ...
Registered in 0.001014 seconds.
Begin MonoManager ReloadAssembly
Native extension for LinuxStandalone target not found
Native extension for WindowsStandalone target not found
Native extension for OSXStandalone target not found
Native extension for WebGL target not found
Refreshing native plugins compatible for Editor in 0.52 ms, found 0 plugins.
Preloading 0 native plugins for Editor in 0.00 ms.
Mono: successfully reloaded assembly
- Completed reload, in  0.754 seconds
Platform modules already initialized, skipping
Shader 'Universal Render Pipeline/Particles/Lit': fallback shader 'Universal Render Pipeline/Particles/SimpleLit' not found
Shader 'Universal Render Pipeline/Particles/Lit': fallback shader 'Universal Render Pipeline/Particles/SimpleLit' not found
Refreshing native plugins compatible for Editor in 0.49 ms, found 0 plugins.
Preloading 0 native plugins for Editor in 0.00 ms.
Unloading 2494 Unused Serialized files (Serialized files now loaded: 0)
System memory in use before: 115.4 MB.
System memory in use after: 112.7 MB.

Unloading 42 unused Assets to reduce memory usage. Loaded Objects now: 2988.
Total: 3.714800 ms (FindLiveObjects: 0.316300 ms CreateObjectMapping: 0.066300 ms MarkObjects: 1.850900 ms  DeleteObjects: 1.479900 ms)

========================================================================
Received Prepare
Registering precompiled user dll's ...
Registered in 0.000947 seconds.
Begin MonoManager ReloadAssembly
Native extension for LinuxStandalone target not found
Native extension for WindowsStandalone target not found
Native extension for OSXStandalone target not found
Native extension for WebGL target not found
Refreshing native plugins compatible for Editor in 0.49 ms, found 0 plugins.
Preloading 0 native plugins for Editor in 0.00 ms.
Mono: successfully reloaded assembly
- Completed reload, in  0.763 seconds
Platform modules already initialized, skipping
Shader 'Universal Render Pipeline/Particles/Lit': fallback shader 'Universal Render Pipeline/Particles/SimpleLit' not found
Shader 'Universal Render Pipeline/Particles/Lit': fallback shader 'Universal Render Pipeline/Particles/SimpleLit' not found
Refreshing native plugins compatible for Editor in 0.50 ms, found 0 plugins.
Preloading 0 native plugins for Editor in 0.00 ms.
Unloading 2494 Unused Serialized files (Serialized files now loaded: 0)
System memory in use before: 115.4 MB.
System memory in use after: 112.6 MB.

Unloading 42 unused Assets to reduce memory usage. Loaded Objects now: 2991.
Total: 4.097600 ms (FindLiveObjects: 0.344100 ms CreateObjectMapping: 0.069000 ms MarkObjects: 2.087400 ms  DeleteObjects: 1.596000 ms)

========================================================================
Received Prepare
Registering precompiled user dll's ...
Registered in 0.001026 seconds.
Begin MonoManager ReloadAssembly
Native extension for LinuxStandalone target not found
Native extension for WindowsStandalone target not found
Native extension for OSXStandalone target not found
Native extension for WebGL target not found
Refreshing native plugins compatible for Editor in 0.49 ms, found 0 plugins.
Preloading 0 native plugins for Editor in 0.00 ms.
Mono: successfully reloaded assembly
- Completed reload, in  0.742 seconds
Platform modules already initialized, skipping
Shader 'Universal Render Pipeline/Particles/Lit': fallback shader 'Universal Render Pipeline/Particles/SimpleLit' not found
Shader 'Universal Render Pipeline/Particles/Lit': fallback shader 'Universal Render Pipeline/Particles/SimpleLit' not found
Refreshing native plugins compatible for Editor in 0.48 ms, found 0 plugins.
Preloading 0 native plugins for Editor in 0.00 ms.
Unloading 2494 Unused Serialized files (Serialized files now loaded: 0)
System memory in use before: 115.5 MB.
System memory in use after: 112.7 MB.

Unloading 42 unused Assets to reduce memory usage. Loaded Objects now: 2994.
Total: 3.524300 ms (FindLiveObjects: 0.257200 ms CreateObjectMapping: 0.061600 ms MarkObjects: 1.683000 ms  DeleteObjects: 1.521400 ms)

========================================================================
Received Import Request.
  Time since last request: 2094.273464 seconds.
  path: Assets/Prototype/BezierCurve/BezierCurve.cs
  artifactKey: Guid(8249bcd898a51d546a0f7517528a10a6) Importer(815301076,1909f56bfc062723c751e8b465ee728b)
Start importing Assets/Prototype/BezierCurve/BezierCurve.cs using Guid(8249bcd898a51d546a0f7517528a10a6) Importer(815301076,1909f56bfc062723c751e8b465ee728b)  -> (artifact id: 'd77b31b548073e0fa8fec0730d248241') in 0.004940 seconds
  Import took 0.030388 seconds .

========================================================================
Received Import Request.
  Time since last request: 6.002788 seconds.
  path: Assets/Prototype/BezierCurve/Bezier.cs
  artifactKey: Guid(8249bcd898a51d546a0f7517528a10a6) Importer(815301076,1909f56bfc062723c751e8b465ee728b)
Start importing Assets/Prototype/BezierCurve/Bezier.cs using Guid(8249bcd898a51d546a0f7517528a10a6) Importer(815301076,1909f56bfc062723c751e8b465ee728b)  -> (artifact id: '3cd5c3debe8abbf087a505a353de2d51') in 0.007923 seconds
  Import took 0.016032 seconds .

========================================================================
Received Prepare
Registering precompiled user dll's ...
Registered in 0.000929 seconds.
Begin MonoManager ReloadAssembly
Native extension for LinuxStandalone target not found
Native extension for WindowsStandalone target not found
Native extension for OSXStandalone target not found
Native extension for WebGL target not found
Refreshing native plugins compatible for Editor in 0.64 ms, found 0 plugins.
Preloading 0 native plugins for Editor in 0.00 ms.
Mono: successfully reloaded assembly
- Completed reload, in  0.876 seconds
Platform modules already initialized, skipping
Shader 'Universal Render Pipeline/Particles/Lit': fallback shader 'Universal Render Pipeline/Particles/SimpleLit' not found
Shader 'Universal Render Pipeline/Particles/Lit': fallback shader 'Universal Render Pipeline/Particles/SimpleLit' not found
Refreshing native plugins compatible for Editor in 0.50 ms, found 0 plugins.
Preloading 0 native plugins for Editor in 0.00 ms.
Unloading 2494 Unused Serialized files (Serialized files now loaded: 0)
System memory in use before: 115.5 MB.
System memory in use after: 112.7 MB.

Unloading 42 unused Assets to reduce memory usage. Loaded Objects now: 2997.
Total: 3.750800 ms (FindLiveObjects: 0.289300 ms CreateObjectMapping: 0.069600 ms MarkObjects: 1.864300 ms  DeleteObjects: 1.526700 ms)

